[debug] [2018-03-25T20:12:59.693Z] ----------------------------------------------------------------------
[debug] [2018-03-25T20:12:59.697Z] Command:       /usr/local/Cellar/node/9.8.0/bin/node /Users/jeff/git/application-shell/node_modules/.bin/firebase serve --only hosting,functions
[debug] [2018-03-25T20:12:59.698Z] CLI Version:   3.17.7
[debug] [2018-03-25T20:12:59.698Z] Platform:      darwin
[debug] [2018-03-25T20:12:59.698Z] Node Version:  v9.8.0
[debug] [2018-03-25T20:12:59.699Z] Time:          Sun Mar 25 2018 16:12:59 GMT-0400 (EDT)
[debug] [2018-03-25T20:12:59.699Z] ----------------------------------------------------------------------
[debug] 
[debug] [2018-03-25T20:12:59.716Z] > command requires scopes: ["email","openid","https://www.googleapis.com/auth/cloudplatformprojects.readonly","https://www.googleapis.com/auth/firebase","https://www.googleapis.com/auth/cloud-platform"]
[debug] [2018-03-25T20:12:59.716Z] > authorizing via signed-in user
[debug] [2018-03-25T20:12:59.719Z] >>> HTTP REQUEST GET https://admin.firebase.com/v1/projects/photo-frame-formatter  
  
 Sun Mar 25 2018 16:12:59 GMT-0400 (EDT)
[debug] [2018-03-25T20:13:00.068Z] <<< HTTP RESPONSE 200
[debug] [2018-03-25T20:13:00.070Z] >>> HTTP REQUEST GET https://admin.firebase.com/v1/database/photo-frame-formatter/tokens  
  
 Sun Mar 25 2018 16:13:00 GMT-0400 (EDT)
[debug] [2018-03-25T20:13:00.550Z] <<< HTTP RESPONSE 200
[debug] [2018-03-25T20:13:00.552Z] >>> HTTP REQUEST GET https://cloudresourcemanager.googleapis.com/v1/projects/photo-frame-formatter  
  
 Sun Mar 25 2018 16:13:00 GMT-0400 (EDT)
[debug] [2018-03-25T20:13:00.819Z] <<< HTTP RESPONSE 200
[info] 
[info] === Serving from '/Users/jeff/git/application-shell'...
[info] 
[info] i  functions: Preparing to emulate functions.
[debug] [2018-03-25T20:13:01.514Z] Fetching environment
[debug] [2018-03-25T20:13:01.516Z] >>> HTTP REQUEST GET https://mobilesdk-pa.googleapis.com/v1/projects/435113074509:getServerAppConfig  
  
 Sun Mar 25 2018 16:13:01 GMT-0400 (EDT)
[debug] [2018-03-25T20:13:01.517Z] >>> HTTP REQUEST GET https://mobilesdk-pa.googleapis.com/v1/projects/435113074509/clients/_:getWebAppConfig  
  
 Sun Mar 25 2018 16:13:01 GMT-0400 (EDT)
[debug] [2018-03-25T20:13:01.813Z] <<< HTTP RESPONSE 200
[debug] [2018-03-25T20:13:01.828Z] <<< HTTP RESPONSE 200
[debug] [2018-03-25T20:13:01.828Z] Starting @google-cloud/functions-emulator
[info] i  hosting: Serving hosting files from: public
[info] ✔  hosting: Local server: http://localhost:5000

[debug] [2018-03-25T20:13:03.394Z] Parsing function triggers
[info] [hosting] Rewriting / to local function index
[info] [hosting] Rewriting / to local function index
[info] ✔  functions: index: http://localhost:5001/photo-frame-formatter/us-central1/index
[info] [hosting] Rewriting / to local function index
[info] [hosting] Rewriting / to local function index
